
state 0
	$accept: .Input $end 
	Input: .    (1)

	.  reduce 1 (src line 114)

	Input  goto 1

state 1
	$accept:  Input.$end 
	Input:  Input.Accion 

	$end  accept
	EXEC  shift 5
	MKDISK  shift 3
	RMDISK  shift 4
	.  error

	Accion  goto 2

state 2
	Input:  Input Accion.    (2)

	.  reduce 2 (src line 115)


state 3
	Accion:  MKDISK.Parameter 

	LINEA  shift 9
	'-'  shift 8
	.  error

	Atributos  goto 7
	Parameter  goto 6

state 4
	Accion:  RMDISK.Parameter 

	LINEA  shift 9
	'-'  shift 8
	.  error

	Atributos  goto 7
	Parameter  goto 10

state 5
	Accion:  EXEC.Parameter 

	LINEA  shift 9
	'-'  shift 8
	.  error

	Atributos  goto 7
	Parameter  goto 11

state 6
	Accion:  MKDISK Parameter.    (3)
	Parameter:  Parameter.Atributos 

	LINEA  shift 9
	'-'  shift 8
	.  reduce 3 (src line 118)

	Atributos  goto 12

state 7
	Parameter:  Atributos.    (7)

	.  reduce 7 (src line 125)


state 8
	Atributos:  '-'.SIZE '-' '>' DIGIT 
	Atributos:  '-'.PATH '-' '>' DIR 
	Atributos:  '-'.NAME '-' '>' ARCHIVO 
	Atributos:  '-'.UNIT '-' '>' IDENT 

	PATH  shift 14
	SIZE  shift 13
	NAME  shift 15
	UNIT  shift 16
	.  error


state 9
	Atributos:  LINEA.    (12)

	.  reduce 12 (src line 133)


state 10
	Accion:  RMDISK Parameter.    (4)
	Parameter:  Parameter.Atributos 

	LINEA  shift 9
	'-'  shift 8
	.  reduce 4 (src line 119)

	Atributos  goto 12

state 11
	Accion:  EXEC Parameter.    (5)
	Parameter:  Parameter.Atributos 

	LINEA  shift 9
	'-'  shift 8
	.  reduce 5 (src line 120)

	Atributos  goto 12

state 12
	Parameter:  Parameter Atributos.    (6)

	.  reduce 6 (src line 124)


state 13
	Atributos:  '-' SIZE.'-' '>' DIGIT 

	'-'  shift 17
	.  error


state 14
	Atributos:  '-' PATH.'-' '>' DIR 

	'-'  shift 18
	.  error


state 15
	Atributos:  '-' NAME.'-' '>' ARCHIVO 

	'-'  shift 19
	.  error


state 16
	Atributos:  '-' UNIT.'-' '>' IDENT 

	'-'  shift 20
	.  error


state 17
	Atributos:  '-' SIZE '-'.'>' DIGIT 

	'>'  shift 21
	.  error


state 18
	Atributos:  '-' PATH '-'.'>' DIR 

	'>'  shift 22
	.  error


state 19
	Atributos:  '-' NAME '-'.'>' ARCHIVO 

	'>'  shift 23
	.  error


state 20
	Atributos:  '-' UNIT '-'.'>' IDENT 

	'>'  shift 24
	.  error


state 21
	Atributos:  '-' SIZE '-' '>'.DIGIT 

	DIGIT  shift 25
	.  error


state 22
	Atributos:  '-' PATH '-' '>'.DIR 

	DIR  shift 26
	.  error


state 23
	Atributos:  '-' NAME '-' '>'.ARCHIVO 

	ARCHIVO  shift 27
	.  error


state 24
	Atributos:  '-' UNIT '-' '>'.IDENT 

	IDENT  shift 28
	.  error


state 25
	Atributos:  '-' SIZE '-' '>' DIGIT.    (8)

	.  reduce 8 (src line 129)


state 26
	Atributos:  '-' PATH '-' '>' DIR.    (9)

	.  reduce 9 (src line 130)


state 27
	Atributos:  '-' NAME '-' '>' ARCHIVO.    (10)

	.  reduce 10 (src line 131)


state 28
	Atributos:  '-' UNIT '-' '>' IDENT.    (11)

	.  reduce 11 (src line 132)


22 terminals, 5 nonterminals
13 grammar rules, 29/8000 states
0 shift/reduce, 0 reduce/reduce conflicts reported
54 working sets used
memory: parser 8/120000
0 extra closures
31 shift entries, 1 exceptions
9 goto entries
2 entries saved by goto default
Optimizer space used: output 30/120000
30 table entries, 0 zero
maximum spread: 22, maximum offset: 22
